2026-02-25 16:22:55,384 - INFO - Iniciando extracción para 1 películas...
2026-02-25 16:22:55,644 - ERROR - ❌ Error extrayendo datos para tt3896198: 401 Client Error: Unauthorized for url: http://www.omdbapi.com/?i=tt3896198&apikey=tt3896198%26apikey%3D70dd038a
2026-02-25 16:22:55,653 - INFO - 📁 Datos guardados en data/peliculas_raw.json
2026-02-25 16:22:55,656 - INFO - 📁 Datos guardados en data/peliculas.csv
2026-02-25 16:23:53,460 - INFO - Iniciando extracción para 1 películas...
2026-02-25 16:23:53,723 - INFO - ✅ Datos extraídos para tt3896198
2026-02-25 16:23:53,724 - INFO - 📁 Datos guardados en data/peliculas_raw.json
2026-02-25 16:23:53,732 - INFO - 📁 Datos guardados en data/peliculas.csv
2026-03-11 15:49:54,453 - INFO - Iniciando extracción para 1 películas...
2026-03-11 15:49:54,826 - INFO - ✅ Datos extraídos para tt3896198
2026-03-11 15:49:54,828 - INFO - 📁 Datos guardados en data/peliculas_raw.json
2026-03-11 15:49:54,831 - INFO - 📁 Datos guardados en data/peliculas.csv
2026-03-12 06:43:46,411 - INFO - 🔍 Buscando término: 'Star Wars'...
2026-03-12 06:43:47,049 - ERROR - Error crítico en el sistema: name 'ids_encontrated' is not defined
2026-03-12 06:43:49,660 - INFO - 🔍 Buscando término: 'Star Wars'...
2026-03-12 06:43:50,243 - ERROR - Error crítico en el sistema: name 'ids_encontrated' is not defined
2026-03-12 06:44:07,747 - INFO - 🔍 Buscando término: 'Star Wars'...
2026-03-12 06:44:08,412 - ERROR - Error crítico en el sistema: name 'ids_encontrated' is not defined
2026-03-12 06:46:49,344 - INFO - 🔍 Buscando término: 'Star Wars'...
2026-03-12 06:46:49,806 - ERROR - Error crítico en el sistema: name 'ids_encontrated' is not defined
2026-03-12 06:47:16,884 - INFO - 🔍 Buscando término: 'Star Wars'...
2026-03-12 06:47:17,473 - ERROR - Error crítico en el sistema: name 'ids_encontrated' is not defined
2026-03-12 06:48:51,062 - INFO - 🔍 Buscando término: 'Marvel'...
2026-03-12 06:48:51,440 - INFO - ✅ Página 1 de 'Marvel' procesada.
2026-03-12 06:48:51,663 - INFO - ✅ Página 2 de 'Marvel' procesada.
2026-03-12 06:48:51,664 - INFO - 🔍 Buscando término: 'Star Wars'...
2026-03-12 06:48:51,920 - INFO - ✅ Página 1 de 'Star Wars' procesada.
2026-03-12 06:48:52,227 - INFO - ✅ Página 2 de 'Star Wars' procesada.
2026-03-12 06:48:52,227 - INFO - 🔍 Buscando término: 'Batman'...
2026-03-12 06:48:52,439 - INFO - ✅ Página 1 de 'Batman' procesada.
2026-03-12 06:48:52,652 - INFO - ✅ Página 2 de 'Batman' procesada.
2026-03-12 06:48:52,652 - INFO - 🔍 Buscando término: 'Disney'...
2026-03-12 06:48:52,878 - INFO - ✅ Página 1 de 'Disney' procesada.
2026-03-12 06:48:53,098 - INFO - ✅ Página 2 de 'Disney' procesada.
2026-03-12 06:48:53,098 - INFO - 🔍 Buscando término: 'Action'...
2026-03-12 06:48:53,318 - INFO - ✅ Página 1 de 'Action' procesada.
2026-03-12 06:48:53,590 - INFO - ✅ Página 2 de 'Action' procesada.
2026-03-12 06:48:53,591 - INFO - 🔍 Buscando término: 'Comedy'...
2026-03-12 06:48:53,872 - INFO - ✅ Página 1 de 'Comedy' procesada.
2026-03-12 06:48:54,126 - INFO - ✅ Página 2 de 'Comedy' procesada.
2026-03-12 06:48:54,126 - INFO - 📊 Se encontraron 119 IDs únicos. Iniciando descarga de detalles...
2026-03-12 06:48:54,126 - INFO - ⏳ Procesando: 0/119...
2026-03-12 06:48:55,317 - INFO - ⏳ Procesando: 5/119...
2026-03-12 06:48:56,421 - INFO - ⏳ Procesando: 10/119...
2026-03-12 06:48:57,654 - INFO - ⏳ Procesando: 15/119...
2026-03-12 06:48:58,824 - INFO - ⏳ Procesando: 20/119...
2026-03-12 06:49:00,289 - INFO - ⏳ Procesando: 25/119...
2026-03-12 06:49:01,597 - INFO - ⏳ Procesando: 30/119...
2026-03-12 06:49:02,773 - INFO - ⏳ Procesando: 35/119...
2026-03-12 06:49:04,132 - INFO - ⏳ Procesando: 40/119...
2026-03-12 06:49:05,418 - INFO - ⏳ Procesando: 45/119...
2026-03-12 06:49:06,681 - INFO - ⏳ Procesando: 50/119...
2026-03-12 06:49:07,979 - INFO - ⏳ Procesando: 55/119...
2026-03-12 06:49:11,396 - INFO - ⏳ Procesando: 60/119...
2026-03-12 06:49:12,784 - INFO - ⏳ Procesando: 65/119...
2026-03-12 06:49:14,101 - INFO - ⏳ Procesando: 70/119...
2026-03-12 06:49:15,454 - INFO - ⏳ Procesando: 75/119...
2026-03-12 06:49:16,745 - INFO - ⏳ Procesando: 80/119...
2026-03-12 06:49:19,066 - INFO - ⏳ Procesando: 85/119...
2026-03-12 06:49:20,312 - INFO - ⏳ Procesando: 90/119...
2026-03-12 06:49:21,528 - INFO - ⏳ Procesando: 95/119...
2026-03-12 06:49:22,702 - INFO - ⏳ Procesando: 100/119...
2026-03-12 06:49:23,988 - INFO - ⏳ Procesando: 105/119...
2026-03-12 06:49:25,214 - INFO - ⏳ Procesando: 110/119...
2026-03-12 06:49:26,426 - INFO - ⏳ Procesando: 115/119...
2026-03-12 06:49:27,396 - INFO - 🏆 ¡ÉXITO! Se procesaron 119 películas en total.
2026-03-12 06:58:59,514 - INFO - 🔍 Buscando término: 'Marvel'...
2026-03-12 06:59:00,017 - INFO - ✅ Página 1 de 'Marvel' procesada.
2026-03-12 06:59:00,316 - INFO - ✅ Página 2 de 'Marvel' procesada.
2026-03-12 06:59:00,316 - INFO - 🔍 Buscando término: 'Star Wars'...
2026-03-12 06:59:00,586 - INFO - ✅ Página 1 de 'Star Wars' procesada.
2026-03-12 06:59:00,840 - INFO - ✅ Página 2 de 'Star Wars' procesada.
2026-03-12 06:59:00,840 - INFO - 🔍 Buscando término: 'Batman'...
2026-03-12 06:59:01,127 - INFO - ✅ Página 1 de 'Batman' procesada.
2026-03-12 06:59:01,423 - INFO - ✅ Página 2 de 'Batman' procesada.
2026-03-12 06:59:01,425 - INFO - 🔍 Buscando término: 'Disney'...
2026-03-12 06:59:01,706 - INFO - ✅ Página 1 de 'Disney' procesada.
2026-03-12 06:59:02,016 - INFO - ✅ Página 2 de 'Disney' procesada.
2026-03-12 06:59:02,016 - INFO - 🔍 Buscando término: 'Inception'...
2026-03-12 06:59:02,477 - INFO - ✅ Página 1 de 'Inception' procesada.
2026-03-12 06:59:02,689 - INFO - ✅ Página 2 de 'Inception' procesada.
2026-03-12 06:59:02,689 - INFO - 🔍 Buscando término: 'Avengers'...
2026-03-12 06:59:02,912 - INFO - ✅ Página 1 de 'Avengers' procesada.
2026-03-12 06:59:03,131 - INFO - ✅ Página 2 de 'Avengers' procesada.
2026-03-12 06:59:03,132 - INFO - 🔍 Buscando término: 'Comedy'...
2026-03-12 06:59:03,432 - INFO - ✅ Página 1 de 'Comedy' procesada.
2026-03-12 06:59:03,720 - INFO - ✅ Página 2 de 'Comedy' procesada.
2026-03-12 06:59:03,720 - INFO - 🔍 Buscando término: 'Horror'...
2026-03-12 06:59:03,982 - INFO - ✅ Página 1 de 'Horror' procesada.
2026-03-12 06:59:04,307 - INFO - ✅ Página 2 de 'Horror' procesada.
2026-03-12 06:59:04,308 - INFO - 📊 Se encontraron 157 IDs únicos. Iniciando descarga de detalles...
2026-03-12 06:59:04,308 - INFO - ⏳ Procesando: 0/157...
2026-03-12 06:59:05,664 - INFO - ⏳ Procesando: 5/157...
2026-03-12 06:59:06,969 - INFO - ⏳ Procesando: 10/157...
2026-03-12 06:59:08,188 - INFO - ⏳ Procesando: 15/157...
2026-03-12 06:59:09,626 - INFO - ⏳ Procesando: 20/157...
2026-03-12 06:59:11,026 - INFO - ⏳ Procesando: 25/157...
2026-03-12 06:59:12,449 - INFO - ⏳ Procesando: 30/157...
2026-03-12 06:59:13,691 - INFO - ⏳ Procesando: 35/157...
2026-03-12 06:59:15,060 - INFO - ⏳ Procesando: 40/157...
2026-03-12 06:59:16,562 - INFO - ⏳ Procesando: 45/157...
2026-03-12 06:59:18,451 - INFO - ⏳ Procesando: 50/157...
2026-03-12 06:59:19,938 - INFO - ⏳ Procesando: 55/157...
2026-03-12 06:59:21,349 - INFO - ⏳ Procesando: 60/157...
2026-03-12 06:59:23,052 - INFO - ⏳ Procesando: 65/157...
2026-03-12 06:59:25,592 - INFO - ⏳ Procesando: 70/157...
2026-03-12 06:59:27,730 - INFO - ⏳ Procesando: 75/157...
2026-03-12 06:59:33,727 - INFO - ⏳ Procesando: 80/157...
2026-03-12 06:59:34,910 - INFO - ⏳ Procesando: 85/157...
2026-03-12 06:59:36,025 - INFO - ⏳ Procesando: 90/157...
2026-03-12 06:59:37,178 - INFO - ⏳ Procesando: 95/157...
2026-03-12 06:59:38,369 - INFO - ⏳ Procesando: 100/157...
2026-03-12 06:59:39,572 - INFO - ⏳ Procesando: 105/157...
2026-03-12 06:59:40,721 - INFO - ⏳ Procesando: 110/157...
2026-03-12 06:59:41,954 - INFO - ⏳ Procesando: 115/157...
2026-03-12 06:59:43,119 - INFO - ⏳ Procesando: 120/157...
2026-03-12 06:59:44,157 - INFO - ⏳ Procesando: 125/157...
2026-03-12 06:59:45,228 - INFO - ⏳ Procesando: 130/157...
2026-03-12 06:59:46,344 - INFO - ⏳ Procesando: 135/157...
2026-03-12 06:59:47,539 - INFO - ⏳ Procesando: 140/157...
2026-03-12 06:59:48,713 - INFO - ⏳ Procesando: 145/157...
2026-03-12 06:59:49,953 - INFO - ⏳ Procesando: 150/157...
2026-03-12 06:59:51,187 - INFO - ⏳ Procesando: 155/157...
2026-03-12 06:59:51,675 - INFO - 🏆 ¡ÉXITO! Se procesaron 157 películas en total con sus carátulas.
2026-03-12 07:03:56,328 - INFO - 🔍 Buscando término: 'Marvel'...
2026-03-12 07:03:56,554 - INFO - ✅ Página 1 de 'Marvel' procesada.
2026-03-12 07:03:56,818 - INFO - ✅ Página 2 de 'Marvel' procesada.
2026-03-12 07:03:56,819 - INFO - 🔍 Buscando término: 'Star Wars'...
2026-03-12 07:03:57,089 - INFO - ✅ Página 1 de 'Star Wars' procesada.
2026-03-12 07:03:57,302 - INFO - ✅ Página 2 de 'Star Wars' procesada.
2026-03-12 07:03:57,302 - INFO - 🔍 Buscando término: 'Batman'...
2026-03-12 07:03:57,548 - INFO - ✅ Página 1 de 'Batman' procesada.
2026-03-12 07:03:57,911 - INFO - ✅ Página 2 de 'Batman' procesada.
2026-03-12 07:03:57,912 - INFO - 🔍 Buscando término: 'Disney'...
2026-03-12 07:03:58,136 - INFO - ✅ Página 1 de 'Disney' procesada.
2026-03-12 07:03:58,363 - INFO - ✅ Página 2 de 'Disney' procesada.
2026-03-12 07:03:58,363 - INFO - 🔍 Buscando término: 'Inception'...
2026-03-12 07:03:58,635 - INFO - ✅ Página 1 de 'Inception' procesada.
2026-03-12 07:03:58,849 - INFO - ✅ Página 2 de 'Inception' procesada.
2026-03-12 07:03:58,849 - INFO - 🔍 Buscando término: 'Avengers'...
2026-03-12 07:03:59,087 - INFO - ✅ Página 1 de 'Avengers' procesada.
2026-03-12 07:03:59,320 - INFO - ✅ Página 2 de 'Avengers' procesada.
2026-03-12 07:03:59,321 - INFO - 🔍 Buscando término: 'Comedy'...
2026-03-12 07:03:59,571 - INFO - ✅ Página 1 de 'Comedy' procesada.
2026-03-12 07:03:59,830 - INFO - ✅ Página 2 de 'Comedy' procesada.
2026-03-12 07:03:59,830 - INFO - 🔍 Buscando término: 'Horror'...
2026-03-12 07:04:00,052 - INFO - ✅ Página 1 de 'Horror' procesada.
2026-03-12 07:04:00,326 - INFO - ✅ Página 2 de 'Horror' procesada.
2026-03-12 07:04:00,327 - INFO - 📊 Se encontraron 157 IDs únicos. Iniciando descarga de detalles...
2026-03-12 07:04:00,327 - INFO - ⏳ Procesando: 0/157...
2026-03-12 07:04:01,677 - INFO - ⏳ Procesando: 5/157...
2026-03-12 07:04:02,962 - INFO - ⏳ Procesando: 10/157...
2026-03-12 07:04:06,192 - INFO - ⏳ Procesando: 15/157...
2026-03-12 07:04:07,342 - INFO - ⏳ Procesando: 20/157...
2026-03-12 07:04:08,525 - INFO - ⏳ Procesando: 25/157...
2026-03-12 07:04:09,744 - INFO - ⏳ Procesando: 30/157...
2026-03-12 07:04:11,054 - INFO - ⏳ Procesando: 35/157...
2026-03-12 07:04:12,480 - INFO - ⏳ Procesando: 40/157...
2026-03-12 07:04:13,813 - INFO - ⏳ Procesando: 45/157...
2026-03-12 07:04:15,029 - INFO - ⏳ Procesando: 50/157...
2026-03-12 07:04:16,228 - INFO - ⏳ Procesando: 55/157...
2026-03-12 07:04:17,427 - INFO - ⏳ Procesando: 60/157...
2026-03-12 07:04:18,663 - INFO - ⏳ Procesando: 65/157...
2026-03-12 07:04:19,837 - INFO - ⏳ Procesando: 70/157...
2026-03-12 07:04:21,064 - INFO - ⏳ Procesando: 75/157...
2026-03-12 07:04:22,227 - INFO - ⏳ Procesando: 80/157...
2026-03-12 07:04:24,701 - INFO - ⏳ Procesando: 85/157...
2026-03-12 07:04:25,951 - INFO - ⏳ Procesando: 90/157...
2026-03-12 07:04:27,166 - INFO - ⏳ Procesando: 95/157...
2026-03-12 07:04:28,427 - INFO - ⏳ Procesando: 100/157...
2026-03-12 07:04:29,612 - INFO - ⏳ Procesando: 105/157...
2026-03-12 07:04:30,874 - INFO - ⏳ Procesando: 110/157...
2026-03-12 07:04:32,182 - INFO - ⏳ Procesando: 115/157...
2026-03-12 07:04:33,560 - INFO - ⏳ Procesando: 120/157...
2026-03-12 07:04:34,763 - INFO - ⏳ Procesando: 125/157...
2026-03-12 07:04:35,924 - INFO - ⏳ Procesando: 130/157...
2026-03-12 07:04:37,180 - INFO - ⏳ Procesando: 135/157...
2026-03-12 07:04:40,446 - INFO - ⏳ Procesando: 140/157...
2026-03-12 07:04:41,570 - INFO - ⏳ Procesando: 145/157...
2026-03-12 07:04:42,819 - INFO - ⏳ Procesando: 150/157...
2026-03-12 07:04:44,105 - INFO - ⏳ Procesando: 155/157...
2026-03-12 07:04:44,603 - INFO - 🏆 ¡ÉXITO! Se procesaron 157 películas en total con sus carátulas.
